  Predmet.cpp
C:\Users\Andraž Pergar\Desktop\ActualGame\ActualGame\src\Predmet.h(30,32): warning C4244: 'return': conversion from 'float' to 'int', possible loss of data
C:\Users\Andraž Pergar\Desktop\ActualGame\ActualGame\src\Predmet.h(31,32): warning C4244: 'return': conversion from 'float' to 'int', possible loss of data
C:\Users\Andraž Pergar\Desktop\ActualGame\ActualGame\src\Predmet.cpp(34,27): warning C4244: '=': conversion from 'float' to 'int', possible loss of data
C:\Users\Andraž Pergar\Desktop\ActualGame\ActualGame\src\Predmet.cpp(35,27): warning C4244: '=': conversion from 'float' to 'int', possible loss of data
C:\Users\Andraž Pergar\Desktop\ActualGame\ActualGame\src\Predmet.cpp(37,29): warning C4244: '=': conversion from 'float' to 'int', possible loss of data
C:\Users\Andraž Pergar\Desktop\ActualGame\ActualGame\src\Predmet.cpp(38,29): warning C4244: '=': conversion from 'float' to 'int', possible loss of data
C:\Users\Andraž Pergar\Desktop\ActualGame\ActualGame\src\Predmet.cpp(172,27): warning C4244: '=': conversion from 'float' to 'int', possible loss of data
C:\Users\Andraž Pergar\Desktop\ActualGame\ActualGame\src\Predmet.cpp(173,27): warning C4244: '=': conversion from 'float' to 'int', possible loss of data
C:\Users\Andraž Pergar\Desktop\ActualGame\ActualGame\src\Predmet.cpp(175,29): warning C4244: '=': conversion from 'float' to 'int', possible loss of data
C:\Users\Andraž Pergar\Desktop\ActualGame\ActualGame\src\Predmet.cpp(176,29): warning C4244: '=': conversion from 'float' to 'int', possible loss of data
C:\Users\Andraž Pergar\Desktop\ActualGame\ActualGame\src\Predmet.cpp(186,30): warning C4244: '=': conversion from 'int' to 'float', possible loss of data
C:\Users\Andraž Pergar\Desktop\ActualGame\ActualGame\src\Predmet.cpp(187,30): warning C4244: '=': conversion from 'int' to 'float', possible loss of data
C:\Users\Andraž Pergar\Desktop\ActualGame\ActualGame\src\Predmet.cpp(195,13): warning C4244: '=': conversion from 'double' to 'int', possible loss of data
C:\Users\Andraž Pergar\Desktop\ActualGame\ActualGame\src\Predmet.cpp(198,13): warning C4244: '=': conversion from 'double' to 'int', possible loss of data
C:\Users\Andraž Pergar\Desktop\ActualGame\ActualGame\src\Predmet.cpp(222,27): warning C4244: '=': conversion from 'float' to 'int', possible loss of data
C:\Users\Andraž Pergar\Desktop\ActualGame\ActualGame\src\Predmet.cpp(223,27): warning C4244: '=': conversion from 'float' to 'int', possible loss of data
C:\Users\Andraž Pergar\Desktop\ActualGame\ActualGame\src\Predmet.cpp(225,29): warning C4244: '=': conversion from 'float' to 'int', possible loss of data
C:\Users\Andraž Pergar\Desktop\ActualGame\ActualGame\src\Predmet.cpp(226,29): warning C4244: '=': conversion from 'float' to 'int', possible loss of data
C:\Users\Andraž Pergar\Desktop\ActualGame\ActualGame\src\Predmet.cpp(280,30): warning C4244: '=': conversion from 'int' to 'float', possible loss of data
C:\Users\Andraž Pergar\Desktop\ActualGame\ActualGame\src\Predmet.cpp(281,30): warning C4244: '=': conversion from 'int' to 'float', possible loss of data
C:\Users\Andraž Pergar\Desktop\ActualGame\ActualGame\src\Predmet.cpp(299,27): warning C4244: '=': conversion from 'float' to 'int', possible loss of data
C:\Users\Andraž Pergar\Desktop\ActualGame\ActualGame\src\Predmet.cpp(300,27): warning C4244: '=': conversion from 'float' to 'int', possible loss of data
C:\Users\Andraž Pergar\Desktop\ActualGame\ActualGame\src\Predmet.cpp(302,29): warning C4244: '=': conversion from 'float' to 'int', possible loss of data
C:\Users\Andraž Pergar\Desktop\ActualGame\ActualGame\src\Predmet.cpp(303,29): warning C4244: '=': conversion from 'float' to 'int', possible loss of data
C:\Users\Andraž Pergar\Desktop\ActualGame\ActualGame\src\Predmet.cpp(379,21): warning C4018: '<': signed/unsigned mismatch
C:\Users\Andraž Pergar\Desktop\ActualGame\ActualGame\src\Predmet.cpp(389,19): warning C4244: '=': conversion from 'double' to 'int', possible loss of data
  ActualGame.vcxproj -> C:\Users\Andraž Pergar\Desktop\ActualGame\Debug\ActualGame.exe
