  Files.cpp
C:\Users\Andraž Pergar\Desktop\Actual-Game\ActualGame\src\Files.cpp(35,20): warning C4018: '<': signed/unsigned mismatch
C:\Users\Andraž Pergar\Desktop\Actual-Game\ActualGame\src\Files.cpp(44,20): warning C4018: '<': signed/unsigned mismatch
C:\Users\Andraž Pergar\Desktop\Actual-Game\ActualGame\src\Files.cpp(101,12): warning C4244: '=': conversion from 'int' to 'float', possible loss of data
C:\Users\Andraž Pergar\Desktop\Actual-Game\ActualGame\src\Files.cpp(102,12): warning C4244: '=': conversion from 'int' to 'float', possible loss of data
C:\Users\Andraž Pergar\Desktop\Actual-Game\ActualGame\src\Files.cpp(114,12): warning C4244: '=': conversion from 'int' to 'float', possible loss of data
  Game.cpp
C:\Users\Andraž Pergar\Desktop\Actual-Game\ActualGame\src\Files.cpp(115,12): warning C4244: '=': conversion from 'int' to 'float', possible loss of data
C:\Users\Andraž Pergar\Desktop\Actual-Game\ActualGame\src\Predmet.h(39,32): warning C4244: 'return': conversion from 'float' to 'int', possible loss of data
C:\Users\Andraž Pergar\Desktop\Actual-Game\ActualGame\src\Predmet.h(40,32): warning C4244: 'return': conversion from 'float' to 'int', possible loss of data
C:\Users\Andraž Pergar\Desktop\Actual-Game\ActualGame\src\Game.cpp(253,22): warning C4018: '<': signed/unsigned mismatch
C:\Users\Andraž Pergar\Desktop\Actual-Game\ActualGame\src\Game.cpp(260,23): warning C4018: '<': signed/unsigned mismatch
  HomeScreen.cpp
  Map.cpp
C:\Users\Andraž Pergar\Desktop\Actual-Game\ActualGame\src\Game.cpp(272,22): warning C4018: '<': signed/unsigned mismatch
C:\Users\Andraž Pergar\Desktop\Actual-Game\ActualGame\src\Predmet.h(39,32): warning C4244: 'return': conversion from 'float' to 'int', possible loss of data
C:\Users\Andraž Pergar\Desktop\Actual-Game\ActualGame\src\Predmet.h(40,32): warning C4244: 'return': conversion from 'float' to 'int', possible loss of data
C:\Users\Andraž Pergar\Desktop\Actual-Game\ActualGame\src\Map.cpp(93,20): warning C4018: '<': signed/unsigned mismatch
C:\Users\Andraž Pergar\Desktop\Actual-Game\ActualGame\src\Map.cpp(95,9): warning C4244: 'initializing': conversion from 'double' to 'int', possible loss of data
C:\Users\Andraž Pergar\Desktop\Actual-Game\ActualGame\src\Map.cpp(96,9): warning C4244: 'initializing': conversion from 'double' to 'int', possible loss of data
C:\Users\Andraž Pergar\Desktop\Actual-Game\ActualGame\src\Map.cpp(130,14): warning C4244: 'initializing': conversion from 'double' to 'int', possible loss of data
C:\Users\Andraž Pergar\Desktop\Actual-Game\ActualGame\src\Map.cpp(131,14): warning C4244: 'initializing': conversion from 'double' to 'int', possible loss of data
C:\Users\Andraž Pergar\Desktop\Actual-Game\ActualGame\src\Map.cpp(142,20): warning C4018: '<': signed/unsigned mismatch
C:\Users\Andraž Pergar\Desktop\Actual-Game\ActualGame\src\Map.cpp(354,14): warning C4244: 'initializing': conversion from 'double' to 'int', possible loss of data
  Predmet.cpp
C:\Users\Andraž Pergar\Desktop\Actual-Game\ActualGame\src\Map.cpp(355,14): warning C4244: 'initializing': conversion from 'double' to 'int', possible loss of data
C:\Users\Andraž Pergar\Desktop\Actual-Game\ActualGame\src\Predmet.h(39,32): warning C4244: 'return': conversion from 'float' to 'int', possible loss of data
C:\Users\Andraž Pergar\Desktop\Actual-Game\ActualGame\src\Predmet.h(40,32): warning C4244: 'return': conversion from 'float' to 'int', possible loss of data
C:\Users\Andraž Pergar\Desktop\Actual-Game\ActualGame\src\Predmet.cpp(17,18): warning C4244: '=': conversion from 'int' to 'float', possible loss of data
C:\Users\Andraž Pergar\Desktop\Actual-Game\ActualGame\src\Predmet.cpp(19,22): warning C4244: '=': conversion from 'int' to 'float', possible loss of data
C:\Users\Andraž Pergar\Desktop\Actual-Game\ActualGame\src\Predmet.cpp(22,18): warning C4244: '=': conversion from 'int' to 'float', possible loss of data
C:\Users\Andraž Pergar\Desktop\Actual-Game\ActualGame\src\Predmet.cpp(24,22): warning C4244: '=': conversion from 'int' to 'float', possible loss of data
C:\Users\Andraž Pergar\Desktop\Actual-Game\ActualGame\src\Predmet.cpp(150,27): warning C4244: '=': conversion from 'float' to 'int', possible loss of data
C:\Users\Andraž Pergar\Desktop\Actual-Game\ActualGame\src\Predmet.cpp(151,27): warning C4244: '=': conversion from 'float' to 'int', possible loss of data
C:\Users\Andraž Pergar\Desktop\Actual-Game\ActualGame\src\Predmet.cpp(153,29): warning C4244: '=': conversion from 'float' to 'int', possible loss of data
C:\Users\Andraž Pergar\Desktop\Actual-Game\ActualGame\src\Predmet.cpp(154,29): warning C4244: '=': conversion from 'float' to 'int', possible loss of data
C:\Users\Andraž Pergar\Desktop\Actual-Game\ActualGame\src\Predmet.cpp(183,20): warning C4018: '<': signed/unsigned mismatch
C:\Users\Andraž Pergar\Desktop\Actual-Game\ActualGame\src\Predmet.cpp(191,28): warning C4244: '=': conversion from 'float' to 'int', possible loss of data
C:\Users\Andraž Pergar\Desktop\Actual-Game\ActualGame\src\Predmet.cpp(192,28): warning C4244: '=': conversion from 'float' to 'int', possible loss of data
C:\Users\Andraž Pergar\Desktop\Actual-Game\ActualGame\src\Predmet.cpp(194,30): warning C4244: '=': conversion from 'float' to 'int', possible loss of data
C:\Users\Andraž Pergar\Desktop\Actual-Game\ActualGame\src\Predmet.cpp(195,30): warning C4244: '=': conversion from 'float' to 'int', possible loss of data
C:\Users\Andraž Pergar\Desktop\Actual-Game\ActualGame\src\Predmet.cpp(207,46): warning C4244: '=': conversion from 'int' to 'float', possible loss of data
C:\Users\Andraž Pergar\Desktop\Actual-Game\ActualGame\src\Predmet.cpp(208,46): warning C4244: '=': conversion from 'int' to 'float', possible loss of data
C:\Users\Andraž Pergar\Desktop\Actual-Game\ActualGame\src\Predmet.cpp(250,27): warning C4244: '=': conversion from 'float' to 'int', possible loss of data
C:\Users\Andraž Pergar\Desktop\Actual-Game\ActualGame\src\Predmet.cpp(251,27): warning C4244: '=': conversion from 'float' to 'int', possible loss of data
C:\Users\Andraž Pergar\Desktop\Actual-Game\ActualGame\src\Predmet.cpp(253,29): warning C4244: '=': conversion from 'float' to 'int', possible loss of data
C:\Users\Andraž Pergar\Desktop\Actual-Game\ActualGame\src\Predmet.cpp(254,29): warning C4244: '=': conversion from 'float' to 'int', possible loss of data
C:\Users\Andraž Pergar\Desktop\Actual-Game\ActualGame\src\Predmet.cpp(307,46): warning C4244: '=': conversion from 'int' to 'float', possible loss of data
C:\Users\Andraž Pergar\Desktop\Actual-Game\ActualGame\src\Predmet.cpp(308,46): warning C4244: '=': conversion from 'int' to 'float', possible loss of data
C:\Users\Andraž Pergar\Desktop\Actual-Game\ActualGame\src\Predmet.cpp(332,27): warning C4244: '=': conversion from 'float' to 'int', possible loss of data
C:\Users\Andraž Pergar\Desktop\Actual-Game\ActualGame\src\Predmet.cpp(333,27): warning C4244: '=': conversion from 'float' to 'int', possible loss of data
C:\Users\Andraž Pergar\Desktop\Actual-Game\ActualGame\src\Predmet.cpp(335,29): warning C4244: '=': conversion from 'float' to 'int', possible loss of data
C:\Users\Andraž Pergar\Desktop\Actual-Game\ActualGame\src\Predmet.cpp(336,29): warning C4244: '=': conversion from 'float' to 'int', possible loss of data
C:\Users\Andraž Pergar\Desktop\Actual-Game\ActualGame\src\Predmet.cpp(424,21): warning C4018: '<': signed/unsigned mismatch
C:\Users\Andraž Pergar\Desktop\Actual-Game\ActualGame\src\Predmet.cpp(434,19): warning C4244: '=': conversion from 'double' to 'int', possible loss of data
  Generating code
  50 of 826 functions ( 6.1%) were compiled, the rest were copied from previous compilation.
    0 functions were new in current compilation
    26 functions had inline decision re-evaluated but remain unchanged
  Finished generating code
  ActualGame.vcxproj -> C:\Users\Andraž Pergar\Desktop\Actual-Game\Release\ActualGame.exe
